<?xml version="1.0" encoding="UTF-8"?>
<!-- Generated by org.testng.reporters.JUnitReportReporter -->
<testsuite hostname="Pankajs-MacBook-Air.local" failures="0" tests="1" name="com.accelatesting.testCases.TC_SearchProducts_002" time="3.907" errors="0" timestamp="2020-01-22T00:59:34 GMT" skipped="0">
  <testcase classname="com.accelatesting.testCases.TC_SearchProducts_002" name="searchProducts" time="3.907"/>
  <system-out/>
</testsuite> <!-- com.accelatesting.testCases.TC_SearchProducts_002 -->
