<?xml version="1.0" encoding="UTF-8"?>
<!-- Generated by org.testng.reporters.JUnitReportReporter -->
<testsuite hostname="Pankajs-MacBook-Air.local" failures="0" tests="2" name="com.accelatesting.testCases.TC_HomePage_001" time="0.530" errors="0" timestamp="2020-01-22T00:59:34 GMT" skipped="0">
  <testcase classname="com.accelatesting.testCases.TC_HomePage_001" name="OpenUrl" time="0.029"/>
  <system-out/>
  <testcase classname="com.accelatesting.testCases.TC_HomePage_001" name="VerifyEachProductPrice" time="0.501"/>
  <system-out/>
</testsuite> <!-- com.accelatesting.testCases.TC_HomePage_001 -->
