<?xml version="1.0" encoding="UTF-8"?>
<!-- Generated by org.testng.reporters.JUnitReportReporter -->
<testsuite hostname="Pankajs-MacBook-Air.local" failures="0" tests="1" name="com.accelatesting.testCases.TC_VerifyPersonalDetailsFields_006" time="20.725" errors="0" timestamp="2020-01-20T22:39:09 GMT" skipped="0">
  <testcase classname="com.accelatesting.testCases.TC_VerifyPersonalDetailsFields_006" name="ProceedtoPay" time="20.725"/>
  <system-out/>
</testsuite> <!-- com.accelatesting.testCases.TC_VerifyPersonalDetailsFields_006 -->
