<?xml version="1.0" encoding="UTF-8"?>
<!-- Generated by org.testng.reporters.JUnitReportReporter -->
<testsuite hostname="Pankajs-MacBook-Air.local" failures="0" tests="4" name="com.accelatesting.testCases.TC_SelectProducttoBasket_003" time="20.488" errors="0" timestamp="2020-01-22T00:59:34 GMT" skipped="0">
  <testcase classname="com.accelatesting.testCases.TC_SelectProducttoBasket_003" name="DeliveryMethod" time="3.221"/>
  <system-out/>
  <testcase classname="com.accelatesting.testCases.TC_SelectProducttoBasket_003" name="FreeDelivery" time="5.037"/>
  <system-out/>
  <testcase classname="com.accelatesting.testCases.TC_SelectProducttoBasket_003" name="AddProductToBasket" time="11.941"/>
  <system-out/>
  <testcase classname="com.accelatesting.testCases.TC_SelectProducttoBasket_003" name="WritePersonalizedMessage" time="0.289"/>
  <system-out/>
</testsuite> <!-- com.accelatesting.testCases.TC_SelectProducttoBasket_003 -->
