<?xml version="1.0" encoding="UTF-8"?>
<!-- Generated by org.testng.reporters.JUnitReportReporter -->
<testsuite hostname="Pankajs-MacBook-Air.local" failures="0" tests="1" name="com.accelatesting.testCases.TC_VerifyFillingAddressDetails_007" time="28.558" errors="0" timestamp="2020-01-22T00:59:34 GMT" skipped="0">
  <testcase classname="com.accelatesting.testCases.TC_VerifyFillingAddressDetails_007" name="FillingAddressDetails" time="28.558"/>
  <system-out/>
</testsuite> <!-- com.accelatesting.testCases.TC_VerifyFillingAddressDetails_007 -->
